d:\onedrive\project\hiswill\packer\cpp\packer\x64\debug\vc140.pdb
d:\onedrive\project\hiswill\packer\cpp\packer\x64\debug\vc140.idb
d:\onedrive\project\hiswill\packer\cpp\packer\x64\debug\boxologic.obj
d:\onedrive\project\hiswill\packer\cpp\packer\x64\debug\pallet.obj
d:\onedrive\project\hiswill\packer\cpp\packer\x64\debug\client.obj
d:\onedrive\project\hiswill\packer\cpp\packer\x64\debug\gawrapperarray.obj
d:\onedrive\project\hiswill\packer\cpp\packer\x64\debug\instance.obj
d:\onedrive\project\hiswill\packer\cpp\packer\x64\debug\instancearray.obj
d:\onedrive\project\hiswill\packer\cpp\packer\x64\debug\instanceform.obj
d:\onedrive\project\hiswill\packer\cpp\packer\x64\debug\instanceformarray.obj
d:\onedrive\project\hiswill\packer\cpp\packer\x64\debug\main.obj
d:\onedrive\project\hiswill\packer\cpp\packer\x64\debug\packer.obj
d:\onedrive\project\hiswill\packer\cpp\packer\x64\debug\packerform.obj
d:\onedrive\project\hiswill\packer\cpp\packer\x64\debug\pckgeneticalgorithm.obj
d:\onedrive\project\hiswill\packer\cpp\packer\x64\debug\product.obj
d:\onedrive\project\hiswill\packer\cpp\packer\x64\debug\wrap.obj
d:\onedrive\project\hiswill\packer\cpp\packer\x64\debug\wrapperarray.obj
d:\onedrive\project\hiswill\packer\cpp\packer\x64\debug\packer.tlog\cl.command.1.tlog
d:\onedrive\project\hiswill\packer\cpp\packer\x64\debug\packer.tlog\cl.read.1.tlog
d:\onedrive\project\hiswill\packer\cpp\packer\x64\debug\packer.tlog\cl.write.1.tlog
